SF:lib\core\models\tile_configuration.dart
DA:12,4
DA:19,4
DA:20,4
DA:21,4
DA:22,4
DA:23,4
DA:28,4
DA:29,4
DA:30,4
DA:31,4
DA:32,4
DA:37,4
DA:42,4
DA:43,4
DA:44,4
DA:45,4
DA:49,2
DA:52,2
DA:53,6
DA:54,3
DA:55,3
DA:58,1
DA:59,4
DA:61,1
DA:63,4
DA:74,4
DA:80,4
DA:81,4
DA:82,4
DA:87,4
DA:92,4
DA:93,4
DA:94,12
DA:95,4
DA:97,4
DA:99,8
DA:104,4
DA:105,4
DA:106,20
DA:107,8
DA:112,4
DA:113,20
DA:114,20
DA:119,4
DA:120,4
DA:122,4
DA:123,8
DA:124,4
DA:125,8
DA:126,2
DA:130,4
DA:131,8
DA:132,0
DA:136,4
DA:137,4
DA:140,12
DA:141,12
DA:146,20
DA:147,8
DA:149,4
DA:151,4
DA:156,4
DA:157,20
DA:159,8
DA:160,2
DA:163,8
DA:164,8
DA:167,4
DA:168,2
DA:169,2
DA:170,0
DA:171,10
DA:172,4
DA:176,8
DA:177,4
DA:180,16
DA:181,4
DA:182,2
DA:185,4
DA:187,4
DA:192,1
DA:193,1
DA:196,3
DA:197,3
DA:202,5
DA:203,2
DA:205,1
DA:207,1
DA:212,4
DA:216,4
DA:217,3
DA:218,1
DA:222,2
DA:225,2
DA:226,6
DA:227,6
DA:230,0
DA:231,0
DA:233,0
DA:235,0
DA:238,2
DA:239,6
DA:240,6
DA:241,6
LF:104
LH:98
end_of_record
SF:lib\core\services\prefs_service.dart
DA:24,3
DA:26,0
DA:36,3
DA:37,3
DA:41,0
DA:46,0
DA:48,0
LF:7
LH:3
end_of_record
SF:lib\features\system\tile_service.dart
DA:19,1
DA:21,0
DA:23,0
DA:27,0
DA:32,0
DA:34,0
DA:36,0
DA:37,0
DA:39,0
DA:44,0
DA:45,0
DA:46,0
DA:50,0
DA:53,0
DA:54,0
DA:55,0
DA:56,0
DA:57,0
DA:60,0
DA:61,0
DA:63,0
DA:65,0
DA:67,0
DA:76,0
DA:82,1
DA:83,1
DA:84,1
DA:87,1
DA:88,1
DA:89,1
DA:92,0
DA:95,0
DA:96,0
DA:97,0
DA:98,0
DA:102,0
DA:103,0
DA:104,0
DA:108,0
DA:113,0
DA:114,0
DA:116,0
DA:118,0
DA:119,0
DA:122,0
DA:124,0
DA:125,0
DA:126,0
DA:127,0
DA:128,0
DA:129,0
DA:130,0
DA:131,0
DA:132,0
DA:133,0
DA:134,0
DA:135,0
DA:136,0
DA:137,0
DA:138,0
DA:139,0
DA:141,0
DA:144,0
DA:150,0
DA:158,3
DA:159,3
DA:163,3
DA:164,3
DA:165,3
DA:166,3
DA:170,2
DA:171,1
DA:172,0
DA:173,0
DA:178,2
DA:181,2
DA:183,1
DA:188,3
DA:190,3
DA:194,6
DA:197,6
DA:200,3
DA:203,0
DA:205,0
DA:207,0
DA:213,2
DA:216,2
DA:217,2
DA:218,2
DA:221,2
DA:223,1
DA:225,1
DA:231,2
DA:233,2
DA:234,2
DA:235,2
DA:238,2
DA:240,1
DA:242,1
DA:248,2
DA:250,2
DA:251,2
DA:254,0
DA:256,0
DA:258,0
DA:264,1
DA:265,1
DA:269,0
DA:270,0
DA:271,0
DA:272,0
DA:273,0
DA:276,0
DA:278,0
DA:280,0
LF:115
LH:42
end_of_record
SF:lib\core\models\electric_data.dart
DA:5,0
LF:1
LH:0
end_of_record
SF:lib\core\utils\app_logger.dart
DA:20,3
DA:21,1
DA:33,0
DA:35,0
DA:40,0
DA:41,0
DA:45,0
DA:46,0
DA:50,1
DA:51,2
DA:55,0
DA:57,0
DA:62,0
DA:63,0
LF:14
LH:4
end_of_record
SF:lib\features\system\tile_edit_controller.dart
DA:30,0
DA:32,0
DA:33,0
DA:36,0
DA:38,0
DA:39,0
DA:43,1
DA:45,2
DA:46,3
DA:49,0
DA:51,2
DA:56,1
DA:57,2
DA:59,1
DA:60,2
DA:61,1
DA:64,2
DA:67,2
DA:68,1
DA:72,1
DA:77,1
DA:80,5
DA:83,1
DA:88,0
DA:94,1
DA:97,5
DA:100,2
DA:101,1
DA:105,1
DA:110,0
DA:116,1
DA:118,3
DA:126,1
DA:127,1
DA:129,2
DA:130,2
DA:132,0
DA:133,0
DA:140,1
DA:141,2
DA:142,1
DA:146,1
DA:147,2
DA:148,1
DA:149,2
DA:150,1
DA:155,4
DA:158,4
DA:161,1
DA:163,7
DA:164,1
DA:168,1
DA:169,1
DA:173,0
DA:174,0
LF:55
LH:42
end_of_record
SF:lib\core\utils\platform_utils.dart
DA:6,1
DA:9,1
DA:18,0
DA:22,0
DA:29,0
DA:30,0
DA:35,0
DA:39,0
DA:40,0
DA:42,0
DA:46,0
DA:47,0
DA:49,0
DA:53,1
DA:54,2
DA:56,1
DA:60,1
DA:61,2
DA:63,1
DA:67,0
DA:68,0
DA:71,0
DA:72,0
DA:73,0
DA:77,0
DA:78,0
DA:84,0
DA:89,0
DA:95,0
DA:97,0
DA:103,0
DA:105,0
DA:111,1
DA:113,1
DA:119,1
DA:121,1
DA:128,1
DA:133,1
DA:134,0
DA:135,1
DA:136,0
DA:137,1
DA:138,0
DA:139,1
DA:140,2
DA:141,1
DA:142,2
LF:47
LH:20
end_of_record
