SF:lib/core/services/gzip_service.dart
DA:5,1
DA:7,1
DA:9,2
DA:11,1
DA:15,1
DA:17,1
DA:19,2
DA:21,1
LF:8
LH:8
end_of_record
SF:lib/core/services/time_service.dart
DA:6,3
DA:22,3
DA:39,6
DA:55,6
DA:72,3
DA:88,3
DA:104,2
DA:108,4
DA:109,10
DA:111,3
DA:112,3
DA:114,2
DA:115,4
DA:116,0
DA:117,0
DA:119,6
DA:120,6
DA:124,2
DA:135,2
LF:19
LH:17
end_of_record
SF:lib/features/education/models/course_model.g.dart
DA:13,0
DA:15,0
DA:16,0
DA:17,0
DA:19,0
DA:20,0
DA:21,0
DA:22,0
DA:23,0
DA:24,0
DA:25,0
DA:26,0
DA:27,0
DA:28,0
DA:29,0
DA:30,0
DA:31,0
DA:35,7
DA:38,7
DA:39,7
DA:40,14
DA:41,7
DA:42,14
DA:43,7
DA:44,14
DA:45,7
DA:46,14
DA:47,7
DA:48,14
DA:49,7
DA:50,14
DA:51,7
DA:52,14
DA:53,7
DA:54,14
DA:55,7
DA:56,14
DA:57,7
DA:58,14
DA:59,7
DA:60,14
DA:61,7
DA:62,14
DA:65,0
DA:66,0
DA:68,0
DA:71,0
DA:72,0
DA:73,0
LF:49
LH:26
end_of_record
SF:lib/features/education/models/course_model.dart
DA:73,11
DA:87,16
DA:88,16
DA:89,11
DA:90,11
DA:91,11
DA:92,11
DA:93,11
DA:94,11
DA:95,11
DA:96,11
DA:97,11
DA:98,11
DA:105,7
DA:106,7
DA:107,7
DA:108,7
DA:109,21
DA:110,7
DA:111,2
DA:112,7
DA:113,7
DA:114,14
DA:115,7
DA:116,2
DA:117,7
DA:118,7
DA:119,7
DA:120,14
DA:121,14
DA:122,14
DA:123,13
DA:124,7
DA:125,7
DA:126,7
DA:133,3
DA:134,3
DA:135,3
DA:136,3
DA:137,3
DA:138,3
DA:139,3
DA:140,3
DA:141,3
DA:142,3
DA:143,3
DA:144,3
DA:145,3
DA:146,3
DA:156,2
DA:157,2
DA:158,8
DA:160,2
DA:161,2
DA:162,2
DA:164,6
DA:165,6
DA:167,2
DA:170,2
DA:171,4
DA:173,4
DA:176,2
DA:177,2
DA:182,2
DA:183,4
DA:185,4
DA:188,2
LF:67
LH:67
end_of_record
SF:lib/features/education/models/schema_parsers.dart
DA:1,7
DA:2,7
DA:5,4
DA:6,1
LF:4
LH:4
end_of_record
SF:lib/features/system/notifications/course_reminder_helper.dart
DA:8,1
DA:15,1
DA:19,1
DA:20,2
DA:21,2
DA:25,2
DA:26,2
DA:31,1
DA:32,1
DA:33,1
DA:34,1
DA:39,1
DA:41,1
DA:45,1
DA:46,2
DA:47,1
DA:48,1
DA:49,1
DA:50,1
DA:51,1
DA:52,1
DA:53,1
DA:54,1
DA:55,1
DA:56,1
DA:57,1
LF:26
LH:26
end_of_record
SF:lib/core/config/api_config.dart
DA:12,5
DA:19,1
DA:20,1
DA:21,1
DA:22,1
DA:23,1
DA:28,1
DA:29,1
DA:30,1
DA:31,1
DA:32,1
DA:58,8
DA:60,32
DA:67,8
DA:68,8
DA:72,1
LF:16
LH:16
end_of_record
SF:lib/core/models/link_model.dart
DA:2,1
DA:18,1
DA:26,1
DA:27,1
DA:28,0
DA:29,1
DA:30,1
DA:31,1
DA:32,0
DA:36,1
DA:37,1
DA:38,1
DA:39,1
DA:40,1
DA:41,1
DA:42,1
DA:43,1
DA:47,1
DA:48,1
DA:49,1
DA:50,1
DA:51,2
DA:52,1
DA:54,2
DA:55,1
DA:61,1
DA:77,1
DA:85,1
DA:86,1
DA:87,0
DA:88,1
DA:89,1
DA:90,1
DA:91,0
DA:95,1
DA:96,1
DA:97,1
DA:98,1
DA:99,1
DA:100,1
DA:101,1
DA:102,5
DA:106,1
DA:107,1
DA:108,1
DA:109,1
DA:111,2
DA:112,1
DA:113,1
DA:114,1
DA:115,2
DA:116,2
LF:52
LH:48
end_of_record
SF:lib/core/models/member_info.dart
DA:7,2
DA:12,1
DA:13,1
DA:14,3
DA:15,3
DA:19,1
DA:20,1
DA:21,2
DA:22,4
LF:9
LH:9
end_of_record
SF:lib/features/club/models/member_model.dart
DA:14,2
DA:28,2
DA:29,2
DA:30,2
DA:31,2
DA:32,2
DA:33,2
DA:34,2
DA:35,2
DA:36,2
DA:37,2
DA:38,4
DA:39,2
DA:40,2
DA:44,2
DA:45,2
DA:46,2
DA:47,2
DA:48,2
DA:49,2
DA:50,2
DA:51,2
DA:52,2
DA:53,2
DA:54,4
DA:55,2
DA:56,2
DA:66,2
DA:69,1
DA:70,1
DA:71,1
DA:72,1
DA:73,1
DA:74,3
DA:75,1
DA:79,1
DA:80,1
DA:81,1
DA:82,1
DA:83,5
LF:40
LH:40
end_of_record
SF:lib/core/models/todo_item.dart
DA:20,2
DA:25,6
DA:27,2
DA:28,1
DA:29,1
DA:30,1
DA:31,1
DA:32,1
DA:33,1
DA:37,2
DA:38,2
DA:39,6
DA:40,4
DA:41,4
DA:42,2
DA:44,5
DA:45,5
LF:17
LH:17
end_of_record
SF:lib/core/models/todo_item.g.dart
DA:13,0
DA:15,0
DA:16,0
DA:17,0
DA:19,0
DA:20,0
DA:21,0
DA:22,0
DA:23,0
DA:25,0
DA:26,0
DA:29,1
DA:32,1
DA:33,1
DA:34,2
DA:35,1
DA:36,2
DA:37,1
DA:38,2
DA:39,1
DA:40,2
DA:41,1
DA:42,2
DA:43,1
DA:44,2
DA:47,0
DA:48,0
DA:50,0
DA:53,0
DA:54,0
DA:55,0
LF:31
LH:14
end_of_record
SF:lib/core/repositories/course_repository.dart
DA:19,5
DA:20,10
DA:24,5
DA:26,5
DA:29,5
DA:30,11
DA:31,5
DA:32,5
DA:35,5
DA:36,2
DA:40,5
DA:41,5
DA:42,15
DA:43,15
DA:45,5
DA:47,0
DA:53,5
DA:55,5
DA:58,5
DA:59,2
DA:63,5
DA:64,20
DA:65,15
DA:66,5
DA:67,5
DA:69,5
DA:72,3
DA:74,0
DA:76,0
DA:81,2
DA:83,2
DA:84,10
DA:86,0
DA:88,0
DA:93,4
DA:95,4
DA:96,4
DA:97,10
DA:98,4
DA:99,4
DA:100,4
DA:101,2
DA:104,0
DA:110,2
DA:112,2
DA:113,2
DA:114,2
DA:115,2
DA:116,4
DA:117,4
DA:121,2
DA:122,2
DA:123,4
DA:126,0
DA:127,0
DA:132,3
DA:133,3
DA:135,3
DA:137,2
DA:139,2
DA:141,2
DA:142,2
DA:143,4
DA:145,4
DA:147,0
DA:152,2
DA:154,2
DA:155,4
DA:158,0
DA:161,3
LF:70
LH:60
end_of_record
SF:lib/core/services/hive_manager.dart
DA:13,14
DA:15,42
DA:16,28
DA:27,0
DA:29,0
DA:32,0
DA:33,0
DA:34,0
DA:35,0
DA:36,0
DA:38,0
DA:40,0
DA:46,14
DA:47,28
DA:48,18
DA:50,22
DA:56,1
DA:57,2
DA:61,1
DA:62,2
DA:66,0
DA:67,0
LF:22
LH:11
end_of_record
SF:lib/core/services/prefs_service.dart
DA:24,24
DA:26,2
DA:36,22
DA:37,22
DA:41,0
DA:46,0
DA:48,0
LF:7
LH:4
end_of_record
SF:lib/core/utils/app_logger.dart
DA:20,66
DA:21,22
DA:33,10
DA:35,20
DA:40,7
DA:41,14
DA:45,6
DA:47,12
DA:51,13
DA:52,26
DA:56,1
DA:58,2
DA:63,1
DA:64,2
LF:14
LH:14
end_of_record
SF:lib/core/repositories/score_repository.dart
DA:18,5
DA:20,10
DA:21,5
DA:23,0
DA:29,5
DA:31,10
DA:34,5
DA:37,5
DA:38,5
DA:43,3
DA:45,0
DA:47,0
DA:52,3
DA:53,3
DA:55,3
DA:57,2
DA:59,2
DA:61,2
DA:62,2
DA:63,4
DA:65,4
DA:67,0
DA:73,2
DA:78,2
DA:79,4
DA:82,2
DA:85,3
DA:89,4
DA:90,8
DA:91,4
LF:30
LH:26
end_of_record
SF:lib/features/education/models/score_model.dart
DA:25,7
DA:37,4
DA:38,4
DA:39,8
DA:40,8
DA:41,7
DA:42,8
DA:43,8
DA:44,8
DA:45,8
DA:46,4
DA:50,3
DA:51,3
DA:52,3
DA:53,3
DA:54,3
DA:55,3
DA:56,3
DA:57,3
DA:58,3
DA:59,3
DA:71,3
DA:72,3
DA:73,15
DA:74,6
DA:78,3
DA:79,9
DA:81,3
DA:83,0
DA:85,3
DA:86,3
DA:88,3
DA:89,3
DA:91,0
DA:93,3
DA:95,7
DA:98,2
DA:100,4
DA:101,8
DA:102,4
DA:103,2
DA:106,6
DA:112,2
DA:115,4
DA:116,10
DA:117,6
DA:118,12
DA:120,2
DA:124,2
DA:125,6
DA:126,8
DA:127,4
DA:128,2
DA:129,2
DA:132,2
DA:134,4
DA:135,4
DA:137,4
DA:140,2
DA:142,4
DA:143,4
DA:148,0
DA:150,0
DA:151,0
LF:64
LH:59
end_of_record
SF:lib/features/education/models/score_model.g.dart
DA:13,0
DA:15,0
DA:16,0
DA:17,0
DA:19,0
DA:20,0
DA:21,0
DA:22,0
DA:23,0
DA:24,0
DA:25,0
DA:26,0
DA:27,0
DA:31,6
DA:34,6
DA:35,6
DA:36,12
DA:37,6
DA:38,12
DA:39,6
DA:40,12
DA:41,6
DA:42,12
DA:43,6
DA:44,12
DA:45,6
DA:46,12
DA:47,6
DA:48,12
DA:49,6
DA:50,12
DA:53,0
DA:54,0
DA:56,0
DA:59,0
DA:60,0
DA:61,0
DA:68,0
DA:70,0
DA:71,0
DA:72,0
DA:74,0
DA:75,0
DA:76,0
DA:80,6
DA:83,6
DA:84,6
DA:85,12
DA:86,6
DA:87,12
DA:90,0
DA:91,0
DA:93,0
DA:96,0
DA:97,0
DA:98,0
LF:56
LH:24
end_of_record
SF:lib/core/services/auth_state_notifier.dart
DA:23,0
DA:28,3
DA:29,3
DA:32,4
DA:35,1
DA:36,2
DA:37,2
DA:41,1
DA:42,2
DA:43,2
DA:46,2
DA:47,3
DA:48,2
DA:49,2
DA:55,1
DA:56,2
DA:57,3
DA:60,2
DA:61,3
DA:62,2
DA:63,2
DA:69,1
DA:70,2
DA:71,2
LF:24
LH:23
end_of_record
SF:lib/core/services/base_http_client.dart
DA:15,2
DA:23,2
DA:24,6
DA:29,2
DA:36,6
DA:37,8
DA:38,2
DA:39,2
DA:45,8
DA:50,0
DA:53,2
DA:59,4
DA:64,0
DA:65,2
DA:66,2
DA:71,2
DA:78,4
DA:84,0
DA:85,2
DA:86,2
DA:91,2
DA:98,4
DA:104,0
DA:105,2
DA:106,2
DA:111,0
DA:118,0
DA:124,0
DA:125,0
DA:126,0
DA:131,0
DA:137,0
DA:140,0
DA:144,0
DA:145,0
DA:146,0
DA:151,0
DA:152,0
LF:38
LH:21
end_of_record
SF:lib/core/utils/request_cache.dart
DA:13,3
DA:34,2
DA:36,4
DA:37,2
DA:38,2
DA:41,2
DA:42,1
DA:43,1
DA:46,5
DA:52,30
DA:55,20
DA:58,10
DA:83,8
DA:84,8
DA:87,8
DA:88,16
DA:89,8
DA:92,8
DA:94,0
DA:100,8
DA:102,8
DA:103,7
DA:105,7
DA:106,6
DA:107,7
DA:109,7
DA:111,0
DA:112,0
DA:115,0
DA:116,0
DA:117,0
DA:118,0
DA:128,0
DA:129,0
DA:132,0
DA:133,0
DA:135,0
DA:137,0
DA:142,0
DA:143,0
DA:146,0
DA:148,1
DA:154,2
DA:155,6
DA:156,4
DA:157,1
DA:164,8
DA:167,13
DA:168,24
DA:172,8
DA:174,15
DA:176,8
DA:177,16
DA:183,2
DA:185,1
DA:186,2
DA:190,1
DA:192,1
DA:197,0
DA:198,0
DA:203,2
DA:205,1
DA:209,2
DA:215,2
DA:217,2
DA:219,2
DA:222,4
DA:226,6
DA:229,2
DA:230,6
DA:234,1
DA:235,1
DA:236,1
DA:237,2
DA:241,2
DA:242,2
DA:244,6
DA:245,2
DA:246,0
DA:248,0
DA:249,0
DA:250,0
DA:252,0
DA:253,0
DA:254,0
DA:257,0
DA:265,1
DA:266,1
DA:267,2
DA:271,1
DA:272,1
DA:274,4
DA:276,2
DA:277,2
DA:280,2
DA:281,1
DA:282,2
DA:283,1
DA:287,2
DA:289,2
DA:290,1
DA:293,2
DA:298,0
DA:299,0
DA:304,0
DA:308,0
DA:309,0
DA:318,8
DA:321,24
DA:324,16
DA:325,28
DA:326,7
DA:329,0
DA:335,0
DA:338,8
DA:341,2
DA:344,10
DA:345,4
DA:346,6
DA:347,2
DA:348,4
DA:351,2
DA:354,6
DA:357,12
DA:358,12
DA:359,12
DA:360,12
DA:362,0
DA:364,0
DA:365,0
DA:367,0
DA:368,0
DA:369,0
DA:372,0
DA:373,0
DA:378,0
DA:380,0
DA:381,0
DA:382,0
DA:386,0
DA:394,6
LF:141
LH:95
end_of_record
SF:lib/core/services/retry_policy.dart
DA:16,3
DA:23,2
DA:24,6
DA:28,7
DA:30,14
DA:31,14
DA:32,14
DA:33,14
DA:38,14
DA:39,7
DA:56,1
DA:57,3
DA:74,9
DA:79,6
DA:81,12
DA:83,36
DA:84,3
DA:85,1
DA:86,5
DA:88,1
DA:92,4
DA:94,2
DA:95,2
DA:96,2
DA:97,2
DA:98,1
DA:99,2
DA:100,2
DA:101,2
DA:102,2
DA:103,2
DA:106,0
DA:107,1
DA:109,1
DA:113,6
DA:116,6
DA:117,12
DA:126,8
DA:127,24
DA:129,8
DA:130,8
DA:131,16
DA:132,23
DA:134,2
DA:135,2
DA:136,2
DA:137,1
DA:139,4
DA:144,8
DA:146,8
DA:147,2
DA:148,8
DA:149,1
DA:150,8
DA:151,1
DA:152,8
DA:153,3
DA:155,14
LF:58
LH:57
end_of_record
SF:lib/core/services/club_service.dart
DA:22,3
DA:28,1
DA:29,1
DA:31,2
DA:33,0
DA:34,0
DA:35,0
DA:40,2
DA:44,1
DA:50,1
DA:51,1
DA:56,1
DA:57,1
DA:58,1
DA:60,1
DA:61,1
DA:64,2
DA:66,1
DA:67,2
DA:70,1
DA:72,1
DA:80,1
DA:82,1
DA:88,0
DA:89,0
DA:93,0
DA:97,1
DA:98,1
DA:106,1
DA:108,1
DA:110,0
DA:111,0
DA:112,0
DA:118,0
DA:122,1
DA:123,1
DA:131,1
DA:133,1
DA:138,1
DA:140,1
DA:142,0
DA:143,0
DA:147,0
DA:150,1
DA:155,1
DA:156,1
LF:46
LH:33
end_of_record
SF:lib/features/club/services/staff_service.dart
DA:10,0
DA:12,0
DA:13,0
DA:20,0
DA:27,1
DA:29,1
DA:30,0
DA:37,2
DA:44,0
DA:46,0
DA:47,0
DA:54,0
DA:61,0
DA:64,0
DA:65,0
DA:71,0
DA:78,0
DA:81,0
DA:82,0
DA:88,0
DA:95,0
DA:97,0
DA:98,0
DA:104,0
DA:111,0
DA:113,0
DA:114,0
DA:121,0
DA:128,0
DA:131,0
DA:132,0
DA:133,0
DA:139,0
LF:33
LH:3
end_of_record
SF:lib/features/club/services/auth_service.dart
DA:24,2
DA:27,2
DA:29,2
DA:36,0
DA:41,0
DA:42,0
DA:47,4
DA:59,1
DA:62,2
DA:63,0
DA:69,2
DA:82,1
DA:84,2
DA:85,0
DA:91,2
DA:103,2
DA:105,4
DA:106,0
DA:112,4
DA:126,2
DA:129,2
DA:130,2
DA:131,0
DA:137,4
DA:150,1
DA:153,2
DA:154,0
DA:160,2
DA:175,1
DA:178,1
DA:179,1
DA:180,0
DA:186,2
DA:201,1
DA:204,1
DA:205,1
DA:206,0
DA:211,0
DA:212,0
DA:217,2
LF:40
LH:28
end_of_record
SF:lib/features/club/services/user_service.dart
DA:11,1
DA:13,1
DA:14,0
DA:21,2
DA:28,0
DA:30,0
DA:31,0
DA:38,0
DA:45,0
DA:48,0
DA:49,0
DA:56,0
DA:63,0
DA:66,0
DA:67,0
DA:73,0
DA:80,0
DA:82,0
DA:83,0
DA:89,0
DA:96,0
DA:98,0
DA:99,0
DA:106,0
DA:113,0
DA:116,0
DA:117,0
DA:123,0
LF:28
LH:3
end_of_record
SF:lib/features/club/services/member_query_service.dart
DA:7,1
DA:9,1
DA:10,0
DA:11,0
DA:15,2
DA:22,1
DA:30,1
DA:32,0
DA:35,0
DA:38,1
DA:39,0
DA:40,0
DA:44,2
DA:51,0
DA:54,0
DA:55,0
DA:56,0
DA:59,0
LF:18
LH:7
end_of_record
SF:lib/features/education/models/semester_model.dart
DA:12,9
DA:14,8
DA:15,8
DA:16,16
DA:17,16
DA:21,6
DA:22,6
DA:23,6
DA:24,6
LF:9
LH:9
end_of_record
SF:lib/features/education/models/semester_model.g.dart
DA:13,0
DA:15,0
DA:16,0
DA:17,0
DA:19,0
DA:20,0
DA:21,0
DA:25,6
DA:28,6
DA:29,6
DA:30,12
DA:31,6
DA:32,12
DA:35,0
DA:36,0
DA:38,0
DA:41,0
DA:42,0
DA:43,0
LF:19
LH:6
end_of_record
SF:lib/core/services/network_exception.dart
DA:5,9
DA:7,5
DA:9,5
DA:10,15
DA:12,2
DA:17,6
DA:21,4
DA:25,4
DA:29,8
DA:33,4
LF:10
LH:10
end_of_record
SF:lib/core/services/new_bus_api.dart
DA:10,1
DA:11,1
DA:13,1
DA:17,1
DA:21,1
DA:29,1
DA:33,2
DA:36,2
DA:40,1
DA:48,0
DA:51,1
DA:53,1
DA:59,2
DA:60,0
DA:63,1
DA:65,1
DA:66,0
DA:69,1
DA:70,1
DA:73,1
DA:74,2
DA:78,1
DA:80,2
DA:82,2
DA:84,3
DA:85,2
DA:89,1
DA:93,1
DA:96,1
DA:101,3
DA:105,3
DA:106,1
DA:108,2
DA:110,7
DA:113,1
DA:114,1
DA:116,2
DA:117,1
DA:126,2
DA:129,2
DA:130,2
LF:41
LH:38
end_of_record
SF:lib/features/education/models/bus_model.dart
DA:5,5
DA:11,3
DA:12,3
DA:13,3
DA:15,9
DA:16,3
DA:17,9
DA:22,2
DA:23,5
DA:24,1
DA:37,5
DA:45,10
DA:47,25
DA:48,10
DA:51,10
DA:53,15
DA:54,15
DA:56,10
DA:58,10
DA:59,20
DA:60,10
DA:61,10
DA:62,20
DA:63,10
DA:64,10
DA:65,15
DA:66,15
DA:67,5
DA:68,2
DA:69,2
DA:71,18
DA:79,3
DA:80,3
DA:81,6
DA:82,6
DA:83,6
DA:84,6
DA:85,6
DA:86,6
DA:91,2
DA:92,1
DA:93,1
DA:94,1
DA:95,1
DA:96,1
DA:97,1
LF:46
LH:46
end_of_record
SF:lib/features/education/services/bus_service.dart
DA:8,2
DA:10,2
DA:11,2
DA:13,4
DA:15,2
DA:16,6
DA:17,8
DA:18,4
DA:19,4
DA:22,2
DA:23,2
DA:24,2
DA:25,2
DA:26,4
DA:27,4
DA:29,2
DA:30,2
DA:34,2
DA:37,4
LF:19
LH:19
end_of_record
SF:lib/core/services/secure_storage_service.dart
DA:12,9
DA:16,27
DA:18,18
DA:31,2
DA:33,0
DA:35,1
DA:40,1
DA:41,0
DA:44,0
DA:46,0
DA:51,1
DA:60,1
DA:62,1
DA:63,0
DA:65,1
DA:74,1
DA:76,1
DA:77,0
DA:80,1
DA:89,1
DA:91,1
DA:93,0
DA:94,0
DA:95,0
DA:97,0
DA:98,0
DA:103,1
DA:113,2
DA:116,2
DA:118,4
DA:122,1
DA:124,1
DA:125,1
DA:128,1
DA:135,7
DA:137,14
DA:139,1
DA:141,1
DA:142,1
DA:145,1
DA:152,1
DA:154,2
DA:157,1
DA:159,1
DA:160,1
DA:163,1
DA:170,1
DA:172,2
DA:175,1
DA:177,1
DA:178,1
DA:181,1
LF:52
LH:41
end_of_record
SF:lib/core/services/todo_service.dart
DA:17,0
DA:23,0
DA:26,1
DA:27,2
DA:35,1
DA:36,1
DA:37,1
DA:40,1
DA:41,1
DA:43,1
DA:48,3
DA:50,3
DA:52,3
DA:55,1
DA:56,1
DA:59,0
DA:67,1
DA:68,1
DA:69,1
DA:72,1
DA:73,1
DA:76,1
DA:77,1
DA:82,1
DA:84,1
DA:89,1
DA:90,1
DA:92,1
DA:94,1
DA:96,1
DA:97,1
DA:98,1
DA:99,1
DA:100,1
DA:101,1
DA:102,2
DA:104,2
DA:106,0
DA:112,1
DA:113,1
DA:115,1
DA:116,2
DA:120,1
DA:123,1
DA:130,1
DA:131,1
DA:132,1
DA:133,1
DA:135,0
DA:136,1
DA:139,0
DA:141,0
DA:144,0
DA:146,0
DA:149,0
DA:150,0
DA:151,0
DA:152,0
DA:156,0
DA:157,0
DA:158,0
DA:159,0
DA:160,0
DA:163,0
DA:165,0
DA:168,0
DA:169,0
DA:170,0
DA:171,0
DA:182,0
DA:189,1
DA:191,1
DA:192,2
DA:194,1
DA:195,2
DA:196,2
DA:197,2
DA:201,3
DA:202,3
DA:211,1
DA:212,1
DA:213,1
DA:214,1
DA:216,0
DA:220,0
DA:222,0
DA:224,0
DA:226,0
DA:228,0
DA:229,0
DA:230,0
DA:231,0
DA:232,0
DA:233,0
DA:237,0
DA:247,0
LF:96
LH:58
end_of_record
SF:lib/features/club/models/api_response.dart
DA:26,2
DA:40,2
DA:44,2
DA:45,2
DA:46,2
DA:47,2
DA:48,2
DA:49,2
DA:50,4
DA:51,2
DA:52,2
DA:53,2
DA:58,2
DA:59,2
DA:60,2
DA:61,2
DA:62,2
DA:63,2
DA:64,2
DA:65,2
DA:66,2
DA:73,10
DA:76,4
DA:81,6
DA:83,1
DA:85,5
LF:26
LH:26
end_of_record
SF:lib/features/club/models/project_model.dart
DA:8,1
DA:16,1
DA:17,1
DA:18,1
DA:19,1
DA:20,1
DA:21,1
DA:22,1
DA:26,1
DA:27,1
DA:28,1
DA:29,1
DA:30,1
DA:31,1
DA:32,1
LF:15
LH:15
end_of_record
SF:lib/features/club/models/staff_model.dart
DA:11,1
DA:19,1
DA:20,1
DA:21,1
DA:22,1
DA:23,1
DA:24,1
DA:25,3
DA:26,1
DA:27,1
DA:28,1
DA:29,3
DA:30,1
DA:31,1
DA:35,1
DA:36,1
DA:37,1
DA:38,1
DA:39,1
DA:40,5
DA:41,5
LF:21
LH:21
end_of_record
SF:lib/features/club/models/task_model.dart
DA:9,1
DA:18,1
DA:19,1
DA:20,1
DA:21,1
DA:22,1
DA:23,1
DA:24,1
DA:25,1
DA:29,1
DA:30,1
DA:31,1
DA:32,1
DA:33,1
DA:34,1
DA:35,1
DA:36,1
LF:17
LH:17
end_of_record
SF:lib/features/club/models/student_model.dart
DA:13,2
DA:26,1
DA:27,1
DA:28,1
DA:29,1
DA:30,1
DA:31,1
DA:32,1
DA:33,1
DA:34,1
DA:35,2
DA:36,1
DA:37,1
DA:41,2
DA:42,2
DA:43,2
DA:44,2
DA:45,2
DA:46,2
DA:47,2
DA:48,2
DA:49,2
DA:50,4
DA:51,2
DA:52,2
LF:25
LH:25
end_of_record
SF:lib/features/club/models/todo_model.dart
DA:14,1
DA:26,1
DA:27,1
DA:28,1
DA:29,1
DA:30,1
DA:31,1
DA:32,1
DA:33,1
DA:34,1
DA:35,2
DA:37,1
DA:38,2
DA:42,1
DA:43,1
DA:44,1
DA:45,1
DA:46,1
DA:47,1
DA:48,1
DA:49,1
DA:50,2
DA:51,1
DA:52,2
LF:24
LH:24
end_of_record
SF:lib/features/club/services/api_client.dart
DA:16,6
DA:22,2
DA:23,2
DA:24,2
DA:25,2
DA:27,0
DA:33,2
DA:39,4
DA:44,2
DA:45,2
DA:48,4
DA:52,2
DA:58,4
DA:60,4
DA:66,1
DA:67,1
DA:70,4
DA:74,2
DA:80,4
DA:82,0
DA:88,2
DA:89,2
DA:92,4
DA:96,0
DA:98,0
DA:103,0
DA:104,0
DA:107,0
LF:28
LH:21
end_of_record
SF:lib/features/club/utils/api_response_helper.dart
DA:16,1
DA:22,1
DA:25,1
DA:27,2
DA:28,2
DA:31,3
DA:36,0
DA:47,1
DA:53,1
DA:56,1
DA:58,2
DA:59,1
DA:60,3
DA:61,1
DA:64,0
DA:69,0
DA:79,1
DA:84,1
DA:87,1
DA:89,1
DA:90,1
DA:93,0
DA:98,0
DA:108,1
DA:113,1
DA:116,1
DA:118,1
DA:119,1
DA:122,3
DA:127,0
DA:137,1
DA:142,1
DA:145,1
DA:147,1
DA:148,1
DA:151,0
DA:156,0
DA:166,1
DA:171,1
DA:174,1
DA:180,0
DA:187,1
DA:189,1
DA:190,1
DA:192,1
DA:197,1
DA:198,0
LF:47
LH:37
end_of_record
SF:lib/features/education/services/bus_api.dart
DA:8,3
DA:10,6
DA:11,3
DA:13,2
DA:14,0
DA:16,2
DA:18,3
DA:24,2
DA:27,4
DA:28,2
DA:29,2
DA:31,1
DA:32,0
DA:34,1
DA:36,1
DA:42,2
DA:45,4
DA:46,2
DA:47,2
DA:49,1
DA:50,0
DA:52,1
DA:54,1
DA:59,3
DA:60,3
DA:61,0
LF:26
LH:22
end_of_record
SF:lib/features/education/services/edu_http_client_manager.dart
DA:10,15
DA:15,15
DA:17,5
DA:19,5
DA:20,5
DA:24,5
DA:27,6
DA:28,3
DA:31,5
DA:32,15
DA:39,5
DA:40,15
DA:46,1
DA:47,2
DA:48,1
LF:15
LH:15
end_of_record
SF:lib/features/education/services/edu_http_client.dart
DA:33,7
DA:34,7
DA:35,4
DA:36,7
DA:39,7
DA:40,21
DA:41,7
DA:50,28
DA:51,7
DA:56,28
DA:59,28
DA:60,6
DA:62,6
DA:64,6
DA:65,6
DA:67,6
DA:69,4
DA:70,8
DA:73,8
DA:75,2
DA:78,1
DA:81,1
DA:82,1
DA:85,1
DA:88,1
DA:90,3
DA:91,3
DA:93,2
DA:94,2
DA:95,1
DA:96,2
DA:97,2
DA:98,2
DA:100,2
DA:101,2
DA:103,1
DA:105,0
DA:108,0
DA:112,2
DA:115,2
DA:120,4
DA:126,4
DA:129,8
DA:134,6
DA:135,6
DA:136,18
DA:139,6
DA:140,6
DA:141,6
DA:143,3
DA:144,3
DA:152,1
DA:155,2
DA:156,2
DA:157,1
DA:163,0
DA:164,0
DA:166,0
DA:168,0
DA:169,0
DA:174,0
DA:180,1
DA:181,1
DA:185,2
DA:187,0
DA:188,0
DA:194,1
DA:197,1
DA:198,2
DA:202,1
DA:205,0
DA:206,0
DA:209,0
DA:210,0
DA:215,2
DA:221,1
DA:223,1
DA:224,1
DA:225,1
DA:226,1
DA:233,1
DA:234,1
DA:236,2
DA:237,2
DA:243,2
DA:249,1
DA:251,2
DA:252,0
DA:256,0
DA:261,1
DA:263,2
DA:264,0
DA:267,0
DA:272,1
DA:274,2
DA:275,0
DA:278,0
DA:283,5
DA:290,0
DA:291,0
DA:292,0
DA:293,0
DA:296,5
DA:298,2
DA:301,10
DA:306,4
DA:307,4
DA:308,4
DA:313,4
DA:320,8
DA:326,2
DA:327,3
DA:328,3
DA:332,3
DA:333,6
DA:336,1
DA:341,1
DA:347,1
DA:351,1
DA:352,1
LF:120
LH:96
end_of_record
SF:lib/features/education/services/login_service.dart
DA:8,6
DA:15,5
DA:18,3
DA:21,4
DA:23,2
DA:28,1
DA:30,1
DA:31,1
DA:33,2
DA:36,2
DA:39,0
DA:44,4
DA:49,1
DA:53,1
DA:54,2
DA:55,1
LF:16
LH:15
end_of_record
SF:lib/state/settings_store.dart
DA:9,15
DA:47,3
DA:49,3
DA:51,3
DA:53,3
DA:55,3
DA:57,3
DA:59,3
DA:61,3
DA:63,3
DA:65,3
DA:67,3
DA:69,3
DA:71,0
DA:73,6
DA:76,2
DA:77,6
DA:78,1
DA:81,2
DA:83,2
DA:84,2
DA:88,2
DA:89,2
DA:91,6
DA:92,6
DA:93,6
DA:94,6
DA:95,6
DA:96,4
DA:97,2
DA:98,6
DA:99,6
DA:100,6
DA:101,4
DA:102,2
DA:103,4
DA:104,2
DA:105,4
DA:106,2
DA:107,4
DA:108,2
DA:109,4
DA:110,2
DA:114,1
DA:115,2
DA:116,1
DA:117,1
DA:121,1
DA:122,2
DA:123,1
DA:124,1
DA:128,1
DA:129,2
DA:130,1
DA:131,1
DA:135,1
DA:136,2
DA:137,1
DA:138,1
DA:142,1
DA:143,2
DA:144,1
DA:145,1
DA:149,1
DA:150,2
DA:151,1
DA:152,1
DA:156,1
DA:157,2
DA:158,1
DA:159,1
DA:163,1
DA:164,2
DA:165,1
DA:166,1
DA:170,1
DA:171,2
DA:172,1
DA:173,1
DA:177,1
DA:178,2
DA:179,1
DA:180,1
DA:184,1
DA:185,2
DA:186,1
DA:187,1
DA:191,1
DA:192,2
DA:193,1
DA:194,1
DA:198,0
DA:199,0
DA:200,0
DA:202,0
DA:204,0
DA:219,1
DA:221,1
DA:223,2
DA:226,0
DA:227,0
DA:228,0
DA:232,0
DA:240,0
DA:243,0
DA:247,0
DA:248,0
DA:251,0
DA:252,0
DA:255,0
DA:256,0
DA:259,0
DA:260,0
DA:261,0
DA:264,0
DA:265,0
DA:268,0
DA:269,0
DA:272,0
DA:273,0
DA:276,0
DA:277,0
LF:122
LH:93
end_of_record
SF:lib/features/education/services/education_cache_service.dart
DA:10,2
DA:12,2
DA:14,2
DA:16,2
DA:36,4
DA:37,2
DA:40,4
DA:41,4
DA:42,2
DA:44,6
DA:45,6
DA:46,6
DA:47,6
DA:48,6
DA:49,6
DA:50,6
DA:52,0
LF:17
LH:16
end_of_record
SF:lib/core/models/electric_data.dart
DA:5,3
LF:1
LH:1
end_of_record
SF:lib/features/education/models/edu_api_models.dart
DA:9,0
DA:14,0
DA:15,0
DA:16,0
DA:17,0
DA:21,0
DA:22,0
DA:23,0
DA:24,0
DA:34,3
DA:40,3
DA:41,3
DA:42,3
DA:43,3
DA:45,9
DA:46,3
DA:47,3
DA:51,0
DA:52,0
DA:53,0
DA:54,0
DA:55,0
DA:63,0
DA:65,0
DA:66,0
DA:69,0
DA:70,0
DA:78,0
DA:83,0
DA:84,0
DA:85,0
DA:86,0
DA:90,0
DA:91,0
DA:92,0
DA:93,0
DA:103,3
DA:109,3
DA:110,3
DA:111,3
DA:113,5
DA:114,3
DA:115,3
DA:116,3
DA:120,3
DA:121,3
DA:122,11
DA:123,3
DA:124,3
DA:132,3
DA:134,3
DA:135,3
DA:136,3
DA:138,9
DA:139,3
DA:143,2
DA:144,2
DA:145,10
DA:154,4
DA:159,4
DA:160,4
DA:161,4
DA:162,4
DA:166,0
DA:167,0
DA:168,0
DA:169,0
LF:67
LH:35
end_of_record
SF:lib/features/education/models/payment_model.dart
DA:7,4
DA:14,4
DA:15,4
DA:16,8
DA:17,2
DA:21,4
DA:22,4
DA:23,4
DA:24,4
DA:25,8
DA:29,0
DA:30,0
DA:31,0
DA:32,0
DA:33,0
DA:34,0
DA:38,2
DA:40,16
DA:48,4
DA:50,4
DA:51,4
DA:52,4
DA:53,8
DA:54,2
DA:57,4
DA:59,12
DA:60,4
DA:61,8
DA:65,0
DA:66,0
DA:67,0
DA:68,0
LF:32
LH:22
end_of_record
SF:lib/features/education/models/raw_string_response.dart
DA:4,2
DA:6,2
DA:7,2
DA:8,2
DA:10,0
DA:13,1
DA:14,2
LF:7
LH:6
end_of_record
SF:lib/features/education/models/exam_model.dart
DA:10,1
DA:17,1
DA:18,1
DA:19,2
DA:20,2
DA:21,2
DA:22,2
DA:26,1
DA:27,1
DA:28,1
DA:29,1
DA:30,1
DA:31,1
LF:13
LH:13
end_of_record
SF:lib/features/education/models/login_response.dart
DA:13,1
DA:26,1
DA:27,1
DA:28,2
DA:29,1
DA:39,1
DA:40,2
DA:44,1
DA:45,1
DA:46,1
DA:47,1
DA:48,1
DA:49,1
DA:50,1
DA:51,1
DA:52,1
DA:53,1
DA:54,1
DA:58,1
DA:59,1
DA:60,3
DA:61,3
DA:62,1
DA:63,1
DA:64,1
DA:65,1
DA:66,1
DA:67,3
DA:68,3
DA:71,1
DA:72,2
DA:78,2
LF:32
LH:32
end_of_record
SF:lib/features/club/models/client_application.dart
DA:15,1
DA:30,1
DA:31,1
DA:32,1
DA:33,1
DA:34,1
DA:35,1
DA:36,1
DA:37,1
DA:38,1
DA:39,1
DA:40,1
DA:41,1
DA:42,1
DA:43,2
DA:45,1
DA:46,2
DA:51,1
DA:52,1
DA:53,1
DA:54,1
DA:55,1
DA:56,1
DA:57,1
DA:58,1
DA:59,1
DA:60,1
DA:61,1
DA:62,1
DA:63,2
DA:64,2
LF:31
LH:31
end_of_record
SF:lib/features/education/services/edu_time_service.dart
DA:13,2
DA:14,2
DA:17,2
DA:21,2
DA:22,2
DA:23,6
DA:26,0
DA:32,2
DA:35,2
DA:36,2
DA:39,1
DA:40,1
DA:45,2
DA:48,2
DA:51,2
DA:52,3
DA:53,2
DA:59,0
DA:60,0
DA:61,0
DA:62,0
DA:66,2
DA:67,2
DA:70,2
DA:71,1
DA:74,4
DA:75,4
DA:76,2
DA:78,2
DA:79,6
DA:80,8
DA:81,4
DA:84,2
DA:85,2
DA:86,2
DA:88,8
DA:89,8
DA:90,2
DA:94,2
DA:95,2
DA:96,6
DA:97,8
DA:98,4
DA:101,2
DA:102,2
DA:104,8
DA:107,2
DA:108,2
DA:109,2
DA:110,2
DA:111,0
DA:115,2
DA:116,2
DA:118,0
DA:119,0
DA:123,0
DA:127,0
DA:129,0
DA:136,0
DA:140,0
DA:141,0
LF:61
LH:47
end_of_record
SF:lib/features/education/models/edu_fetch_models.dart
DA:8,3
LF:1
LH:1
end_of_record
SF:lib/features/education/models/info_model.dart
DA:6,2
DA:12,2
DA:13,2
DA:14,2
DA:15,6
DA:16,6
DA:20,2
DA:21,1
DA:22,1
DA:23,1
DA:33,2
DA:40,2
DA:41,2
DA:42,2
DA:43,4
DA:44,2
DA:45,2
DA:46,6
DA:52,2
DA:53,1
DA:54,2
DA:55,5
LF:22
LH:22
end_of_record
SF:lib/features/education/models/time_info.dart
DA:9,4
DA:16,4
DA:17,4
DA:18,4
DA:19,8
DA:20,8
DA:21,8
DA:22,4
DA:25,2
DA:26,2
DA:27,4
DA:31,4
DA:32,4
DA:33,4
DA:34,4
DA:35,4
DA:39,3
DA:40,3
DA:41,9
DA:42,9
DA:43,5
DA:46,3
DA:47,2
DA:53,2
DA:55,2
DA:56,1
DA:57,2
DA:58,1
DA:59,2
DA:60,1
DA:62,4
LF:31
LH:31
end_of_record
SF:lib/features/education/models/week_info.dart
DA:5,3
DA:10,1
DA:11,1
DA:12,1
DA:13,1
DA:17,1
DA:18,1
DA:19,1
DA:20,1
LF:9
LH:9
end_of_record
SF:lib/features/education/services/info_api.dart
DA:9,3
DA:11,6
DA:14,2
DA:15,0
DA:18,2
DA:19,2
DA:21,1
DA:27,3
DA:29,6
DA:33,2
DA:34,0
DA:36,2
DA:38,1
DA:43,1
DA:44,1
DA:45,0
LF:16
LH:13
end_of_record
SF:lib/features/education/models/plan_course.dart
DA:11,2
DA:21,2
DA:22,1
DA:23,1
DA:24,1
DA:25,1
DA:26,1
DA:27,1
DA:31,2
DA:32,2
DA:33,3
DA:34,4
DA:35,4
DA:37,4
DA:38,4
DA:40,4
DA:41,4
DA:46,3
DA:49,1
DA:50,2
DA:57,2
DA:63,2
DA:64,6
DA:68,1
DA:69,1
DA:70,1
DA:74,2
DA:75,1
DA:77,1
DA:80,3
DA:81,1
DA:85,2
DA:86,2
DA:88,4
DA:89,2
DA:92,1
DA:93,2
LF:37
LH:37
end_of_record
SF:lib/features/club/models/academy_count.dart
DA:5,1
DA:10,1
DA:11,1
DA:12,1
DA:13,1
DA:17,1
DA:18,1
DA:19,1
DA:20,1
LF:9
LH:9
end_of_record
SF:lib/features/club/models/article_create_dto.dart
DA:9,1
DA:18,1
DA:19,1
DA:20,1
DA:21,1
DA:22,1
DA:23,1
DA:24,1
DA:25,1
DA:29,1
DA:30,1
DA:31,1
DA:32,1
DA:33,1
DA:34,1
DA:35,1
DA:36,1
LF:17
LH:17
end_of_record
SF:lib/features/club/models/article_model.dart
DA:7,1
DA:14,1
DA:15,1
DA:16,1
DA:17,1
DA:18,1
DA:19,1
DA:23,1
DA:24,1
DA:25,1
DA:26,1
DA:27,1
DA:28,1
DA:43,1
DA:54,1
DA:55,1
DA:56,1
DA:57,1
DA:58,1
DA:59,2
DA:60,1
DA:61,1
DA:62,1
DA:63,2
DA:65,1
DA:69,1
DA:70,1
DA:71,1
DA:72,1
DA:73,1
DA:74,2
DA:75,1
DA:76,1
DA:77,2
DA:78,1
LF:35
LH:35
end_of_record
SF:lib/features/club/models/article_update_dto.dart
DA:8,1
DA:16,1
DA:17,1
DA:18,1
DA:19,1
DA:20,1
DA:21,1
DA:22,1
DA:26,1
DA:27,1
DA:28,1
DA:29,1
DA:30,1
DA:31,1
DA:32,1
LF:15
LH:15
end_of_record
SF:lib/features/club/models/create_client_app_model.dart
DA:10,1
DA:20,1
DA:21,1
DA:22,1
DA:23,1
DA:24,1
DA:26,4
DA:27,1
DA:28,1
DA:29,1
DA:33,1
DA:34,1
DA:35,1
DA:36,1
DA:37,1
DA:38,1
DA:39,1
DA:40,1
DA:41,1
LF:19
LH:19
end_of_record
SF:lib/features/club/models/department_model.dart
DA:10,1
DA:18,1
DA:19,1
DA:20,1
DA:21,1
DA:22,1
DA:23,1
DA:24,0
DA:25,0
DA:26,1
DA:27,2
DA:31,1
DA:32,1
DA:33,1
DA:34,1
DA:35,1
DA:36,3
DA:37,1
LF:18
LH:16
end_of_record
SF:lib/features/club/models/gender_count.dart
DA:5,1
DA:10,1
DA:11,1
DA:12,1
DA:13,1
DA:17,1
DA:18,1
DA:19,1
DA:20,1
LF:9
LH:9
end_of_record
SF:lib/features/club/models/http_stats.dart
DA:12,1
DA:24,1
DA:25,1
DA:26,2
DA:27,1
DA:36,1
DA:37,2
DA:41,1
DA:42,1
DA:43,1
DA:44,1
DA:45,2
DA:46,2
DA:47,2
DA:48,1
DA:49,1
DA:50,1
DA:51,1
DA:54,1
DA:58,1
DA:59,1
DA:60,3
DA:61,3
DA:62,3
DA:63,3
DA:64,3
DA:65,3
DA:66,3
DA:67,3
DA:70,1
DA:71,2
LF:31
LH:31
end_of_record
SF:lib/features/club/models/landscape_count.dart
DA:5,1
DA:10,1
DA:11,1
DA:12,1
DA:13,1
DA:17,1
DA:18,1
DA:19,1
DA:20,1
LF:9
LH:9
end_of_record
SF:lib/features/club/models/login_model.dart
DA:6,1
DA:12,1
DA:13,1
DA:14,1
DA:15,1
DA:16,1
DA:20,1
DA:21,1
DA:22,1
DA:23,1
DA:24,1
LF:11
LH:11
end_of_record
SF:lib/features/club/models/regenerate_secret_result.dart
DA:5,1
DA:10,1
DA:11,1
DA:12,1
DA:13,1
DA:17,1
DA:18,1
DA:19,1
DA:20,1
LF:9
LH:9
end_of_record
SF:lib/features/club/models/reset_password_data.dart
DA:5,1
DA:10,1
DA:11,1
DA:12,1
DA:13,1
DA:17,1
DA:18,1
DA:19,1
DA:20,1
LF:9
LH:9
end_of_record
SF:lib/features/club/models/resource_model.dart
DA:7,1
DA:14,1
DA:15,1
DA:16,1
DA:17,1
DA:18,1
DA:19,1
DA:23,1
DA:24,1
DA:25,1
DA:26,1
DA:27,1
DA:28,1
LF:13
LH:13
end_of_record
SF:lib/features/club/models/year_count.dart
DA:5,1
DA:10,1
DA:11,1
DA:12,1
DA:13,1
DA:17,1
DA:18,1
DA:19,1
DA:20,1
LF:9
LH:9
end_of_record
SF:lib/features/system/tile_edit_controller.dart
DA:27,3
DA:29,3
DA:30,3
DA:33,0
DA:35,0
DA:36,0
DA:40,4
DA:42,8
DA:43,4
DA:46,4
DA:47,20
DA:51,8
DA:53,8
DA:54,4
DA:56,0
DA:58,0
DA:66,0
DA:68,0
DA:71,8
DA:74,0
DA:76,8
DA:81,4
DA:82,8
DA:84,3
DA:85,6
DA:86,3
DA:89,8
DA:92,8
DA:93,4
DA:97,4
DA:102,2
DA:105,10
DA:108,2
DA:113,1
DA:119,4
DA:122,20
DA:125,8
DA:126,4
DA:130,4
DA:135,0
DA:141,4
DA:143,12
DA:151,4
DA:152,4
DA:154,8
DA:155,8
DA:157,0
DA:158,0
DA:165,4
DA:166,8
DA:167,4
DA:171,4
DA:172,8
DA:173,4
DA:174,8
DA:175,4
DA:180,8
DA:183,12
DA:186,3
DA:188,21
DA:189,3
DA:193,1
DA:194,1
LF:63
LH:52
end_of_record
SF:lib/state/bus_tile_store.dart
DA:13,1
DA:14,0
DA:15,0
DA:17,4
DA:18,1
DA:19,1
DA:21,1
DA:22,1
DA:29,0
DA:31,0
DA:32,0
DA:35,1
DA:36,4
DA:39,1
DA:41,2
DA:44,1
DA:47,2
DA:49,2
DA:52,2
DA:56,4
DA:58,2
DA:62,0
DA:63,0
DA:66,2
DA:67,4
DA:68,8
DA:69,2
DA:72,1
DA:84,1
DA:85,0
DA:86,0
DA:87,0
DA:89,0
DA:90,0
DA:91,0
DA:93,0
LF:36
LH:22
end_of_record
SF:lib/state/electricity_store.dart
DA:12,1
DA:13,1
DA:15,1
DA:17,3
DA:18,3
DA:27,0
DA:29,0
DA:30,0
DA:33,1
DA:35,2
DA:37,2
DA:38,2
DA:39,2
DA:42,2
DA:43,2
DA:47,4
DA:49,2
DA:51,2
DA:55,2
DA:59,1
DA:61,2
DA:63,2
DA:64,2
DA:67,2
DA:68,2
DA:71,2
DA:75,2
DA:79,2
DA:81,4
DA:82,4
DA:84,4
DA:86,4
DA:87,4
DA:90,4
DA:91,3
DA:95,1
DA:111,1
LF:37
LH:34
end_of_record
SF:lib/state/payment_store.dart
DA:14,1
DA:15,1
DA:16,1
DA:17,1
DA:18,3
DA:19,3
DA:29,0
DA:31,0
DA:32,0
DA:35,1
DA:37,2
DA:38,2
DA:40,4
DA:42,3
DA:43,2
DA:47,4
DA:48,2
DA:50,3
DA:51,3
DA:52,2
DA:54,2
DA:58,1
DA:59,2
DA:60,1
DA:63,2
DA:64,4
DA:66,4
DA:68,4
DA:71,4
DA:72,3
DA:76,1
DA:94,1
LF:32
LH:29
end_of_record
SF:lib/core/services/payment_analyzer.dart
DA:14,2
DA:16,0
DA:18,0
DA:21,0
DA:23,0
DA:31,0
DA:35,2
DA:36,0
DA:39,2
DA:44,2
DA:45,4
DA:51,0
DA:52,0
DA:53,0
DA:54,0
DA:58,0
DA:59,0
DA:60,0
DA:66,0
DA:72,0
DA:74,0
DA:75,0
DA:76,0
DA:82,0
DA:88,2
DA:89,4
DA:95,2
DA:96,4
LF:28
LH:9
end_of_record
SF:lib/features/system/tile_service.dart
DA:19,1
DA:21,0
DA:23,0
DA:27,1
DA:32,1
DA:34,1
DA:36,1
DA:37,1
DA:39,1
DA:44,2
DA:45,2
DA:46,3
DA:50,2
DA:53,2
DA:54,1
DA:55,3
DA:56,3
DA:57,0
DA:60,2
DA:61,1
DA:63,3
DA:65,1
DA:67,1
DA:76,2
DA:82,1
DA:83,1
DA:84,6
DA:87,2
DA:88,2
DA:89,10
DA:91,4
DA:93,6
DA:95,2
DA:99,1
DA:100,1
DA:101,0
DA:102,4
DA:104,1
DA:106,1
DA:110,2
DA:111,1
DA:113,1
DA:114,2
DA:118,2
DA:119,2
DA:120,10
DA:122,10
DA:123,2
DA:127,1
DA:130,1
DA:131,1
DA:132,2
DA:133,2
DA:137,2
DA:138,1
DA:139,1
DA:143,1
DA:148,1
DA:149,1
DA:151,1
DA:153,1
DA:154,1
DA:157,1
DA:159,2
DA:160,2
DA:161,1
DA:162,1
DA:163,2
DA:164,1
DA:165,2
DA:166,1
DA:167,2
DA:168,3
DA:169,2
DA:170,2
DA:171,5
DA:172,4
DA:173,6
DA:174,2
DA:176,3
DA:179,6
DA:185,5
DA:193,7
DA:194,7
DA:198,7
DA:199,7
DA:200,7
DA:201,7
DA:205,6
DA:206,1
DA:207,0
DA:208,0
DA:213,6
DA:216,2
DA:218,1
DA:223,7
DA:225,7
DA:229,14
DA:232,14
DA:235,7
DA:238,0
DA:240,0
DA:242,0
DA:248,2
DA:251,2
DA:252,2
DA:253,2
DA:256,2
DA:258,1
DA:260,1
DA:266,3
DA:268,3
DA:269,3
DA:270,3
DA:273,0
DA:275,0
DA:277,0
DA:283,2
DA:285,2
DA:286,2
DA:289,0
DA:291,0
DA:293,0
DA:299,5
DA:300,5
DA:304,0
DA:305,0
DA:306,0
DA:307,0
DA:308,0
DA:311,0
DA:313,0
DA:315,0
DA:319,1
DA:323,1
DA:324,2
LF:136
LH:113
end_of_record
SF:lib/core/models/tile_configuration.dart
DA:12,9
DA:19,8
DA:20,8
DA:21,8
DA:22,8
DA:23,8
DA:28,8
DA:29,8
DA:30,8
DA:31,8
DA:32,8
DA:37,8
DA:42,8
DA:43,8
DA:44,8
DA:45,8
DA:49,5
DA:52,5
DA:53,15
DA:54,12
DA:55,12
DA:58,1
DA:59,4
DA:61,1
DA:63,4
DA:74,9
DA:80,9
DA:81,9
DA:82,9
DA:87,9
DA:92,8
DA:93,8
DA:94,24
DA:95,8
DA:97,8
DA:99,16
DA:104,8
DA:105,8
DA:106,40
DA:107,16
DA:112,5
DA:113,25
DA:114,25
DA:119,5
DA:120,5
DA:122,5
DA:123,10
DA:124,5
DA:125,10
DA:126,3
DA:130,5
DA:131,10
DA:132,0
DA:136,5
DA:137,5
DA:140,15
DA:141,15
DA:146,25
DA:147,10
DA:149,5
DA:151,5
DA:156,8
DA:157,40
DA:159,16
DA:160,2
DA:163,16
DA:164,8
DA:165,40
DA:170,16
DA:173,10
DA:179,16
DA:183,32
DA:184,40
DA:186,24
DA:188,48
DA:189,16
DA:190,24
DA:194,8
DA:196,8
DA:201,2
DA:202,2
DA:205,6
DA:206,6
DA:211,10
DA:212,4
DA:214,2
DA:216,2
DA:221,8
DA:225,8
DA:226,7
DA:227,2
DA:231,5
DA:234,5
DA:235,15
DA:236,15
DA:239,0
DA:240,0
DA:242,0
DA:244,0
DA:247,5
DA:248,15
DA:249,15
DA:250,15
LF:103
LH:98
end_of_record
SF:lib/core/utils/platform_utils.dart
DA:6,5
DA:9,5
DA:18,1
DA:20,1
DA:21,2
DA:26,1
DA:30,1
DA:31,2
DA:33,1
DA:37,1
DA:38,2
DA:40,1
DA:44,5
DA:45,10
DA:47,5
DA:51,5
DA:52,10
DA:54,5
DA:58,4
DA:59,2
DA:62,1
DA:63,1
DA:64,0
DA:68,1
DA:69,1
DA:75,1
DA:80,1
DA:86,1
DA:88,1
DA:94,1
DA:96,1
DA:102,5
DA:104,5
DA:110,5
DA:112,5
DA:119,5
DA:124,5
DA:125,2
DA:126,5
DA:127,2
DA:128,5
DA:129,2
DA:130,5
DA:131,10
DA:132,5
DA:133,10
LF:46
LH:45
end_of_record
SF:lib/state/course_store.dart
DA:14,0
DA:25,6
DA:28,6
DA:31,4
DA:34,0
DA:35,0
DA:40,2
DA:41,4
DA:42,4
DA:46,0
DA:47,0
DA:48,0
DA:55,0
DA:56,0
DA:57,0
DA:61,0
DA:62,0
DA:63,0
DA:64,0
DA:65,0
DA:67,0
DA:70,0
DA:78,2
DA:79,4
DA:85,2
DA:86,2
DA:87,2
DA:88,4
DA:96,2
DA:97,4
DA:98,4
DA:100,6
DA:101,6
DA:110,2
DA:111,4
DA:112,4
DA:114,6
DA:115,6
DA:122,2
DA:123,4
LF:40
LH:24
end_of_record
SF:lib/features/education/services/payment_api.dart
DA:9,2
DA:11,4
DA:12,2
DA:14,1
DA:16,1
DA:22,2
DA:24,4
DA:25,2
DA:27,1
DA:28,2
DA:30,1
DA:32,2
DA:37,2
DA:38,2
DA:39,0
LF:15
LH:14
end_of_record
SF:lib/core/models/result.dart
DA:28,1
DA:36,1
DA:37,1
DA:41,1
DA:42,1
DA:46,0
DA:51,0
DA:52,0
DA:54,0
DA:55,0
DA:60,0
DA:61,0
DA:62,0
DA:64,0
DA:68,0
DA:69,0
DA:70,0
DA:72,0
DA:76,0
DA:79,0
DA:82,0
DA:85,1
DA:89,1
DA:90,2
DA:92,2
DA:97,0
DA:101,0
DA:102,0
DA:104,0
DA:109,0
DA:110,0
DA:111,0
DA:116,0
DA:117,0
DA:118,0
DA:123,0
DA:124,0
DA:126,0
DA:128,0
DA:131,0
DA:136,0
DA:137,0
DA:139,0
DA:140,0
DA:142,0
DA:145,0
DA:150,0
DA:151,0
DA:152,0
DA:154,0
DA:159,0
DA:162,0
DA:163,0
DA:165,0
DA:169,0
DA:171,0
DA:172,0
DA:174,0
DA:178,0
DA:181,0
DA:182,0
DA:183,0
DA:184,0
DA:187,0
DA:188,0
DA:200,1
DA:210,0
DA:211,0
DA:214,0
DA:220,0
DA:221,0
DA:229,0
DA:230,0
DA:237,0
DA:238,0
DA:246,0
DA:247,0
DA:250,0
DA:256,1
DA:257,1
DA:260,0
DA:265,1
DA:266,1
DA:274,0
DA:275,0
DA:278,0
DA:284,1
DA:285,1
DA:286,1
DA:288,1
DA:289,0
DA:290,1
DA:292,1
DA:293,0
DA:295,0
DA:298,0
DA:299,1
DA:301,1
DA:302,1
DA:303,1
DA:304,1
DA:305,0
DA:306,0
DA:311,0
DA:312,0
DA:313,0
DA:314,0
DA:316,0
DA:317,0
DA:318,0
DA:319,0
DA:320,0
DA:321,0
DA:326,1
DA:328,1
DA:329,3
DA:330,3
DA:331,1
DA:332,0
DA:334,1
DA:335,0
DA:337,1
DA:338,1
DA:341,0
DA:344,0
DA:345,0
DA:346,0
DA:347,0
DA:350,0
DA:351,0
LF:130
LH:33
end_of_record
SF:lib/state/base_store.dart
DA:33,1
DA:34,2
DA:42,1
DA:46,2
DA:47,1
DA:51,1
DA:52,1
DA:53,1
DA:55,1
DA:56,3
DA:57,1
DA:61,2
DA:62,1
DA:64,2
DA:72,1
DA:76,2
DA:77,1
DA:81,1
DA:82,1
DA:83,1
DA:85,1
DA:86,3
DA:87,1
DA:92,0
DA:93,0
DA:96,2
DA:103,1
DA:107,1
DA:111,1
DA:112,1
DA:113,1
DA:115,0
DA:116,0
DA:117,0
DA:121,0
DA:122,0
DA:127,4
DA:130,3
LF:38
LH:31
end_of_record
SF:lib/core/utils/error_logger.dart
DA:17,3
DA:20,0
DA:23,0
DA:24,0
DA:27,0
DA:28,0
DA:29,0
DA:30,0
DA:34,0
DA:40,1
DA:41,2
DA:45,0
DA:46,0
DA:50,0
DA:51,0
DA:55,1
DA:56,3
DA:57,1
DA:61,1
DA:63,2
DA:69,0
DA:74,0
DA:77,0
DA:78,0
DA:80,0
DA:82,0
DA:84,0
DA:85,0
DA:89,0
DA:94,0
DA:95,0
DA:96,0
DA:102,0
DA:103,0
DA:105,0
DA:107,0
DA:115,0
DA:116,0
DA:118,0
DA:119,0
DA:121,0
LF:41
LH:8
end_of_record
SF:lib/core/models/course_time.dart
DA:6,1
DA:11,1
DA:12,2
LF:3
LH:3
end_of_record
SF:lib/features/education/models/user_data.dart
DA:5,3
DA:7,3
DA:8,3
DA:9,3
DA:10,3
LF:5
LH:5
end_of_record
SF:lib/features/club/models/data_access_stats.dart
DA:9,1
DA:18,1
DA:19,1
DA:20,2
DA:22,3
DA:23,1
DA:26,1
DA:27,2
DA:28,1
DA:34,1
DA:35,2
DA:39,1
DA:40,1
DA:42,1
DA:43,1
DA:44,1
DA:45,2
DA:47,1
DA:51,1
DA:52,1
DA:53,3
DA:54,1
DA:55,1
DA:56,5
DA:57,3
DA:58,3
DA:59,4
DA:62,1
DA:63,2
DA:77,1
DA:85,1
DA:86,1
DA:87,2
DA:88,1
DA:93,1
DA:94,2
DA:98,1
DA:99,1
DA:100,1
DA:101,1
DA:102,1
DA:103,2
DA:105,1
DA:109,1
DA:110,1
DA:111,3
DA:112,3
DA:113,3
DA:114,1
DA:115,3
DA:118,1
DA:119,2
LF:52
LH:52
end_of_record
SF:lib/features/club/models/data_centre_model.dart
DA:10,1
DA:20,1
DA:21,1
DA:22,1
DA:23,1
DA:24,1
DA:25,1
DA:26,1
DA:27,1
DA:28,1
DA:32,1
DA:33,1
DA:34,1
DA:35,1
DA:36,1
DA:37,1
DA:38,1
DA:39,1
DA:40,1
DA:49,1
DA:51,1
DA:52,1
DA:53,1
DA:54,1
DA:58,1
DA:59,1
DA:60,1
DA:61,1
LF:28
LH:28
end_of_record
SF:lib/features/club/models/data_change_stats.dart
DA:9,1
DA:18,1
DA:19,1
DA:20,2
DA:22,3
DA:23,1
DA:26,1
DA:27,2
DA:28,1
DA:34,1
DA:35,0
DA:39,1
DA:40,1
DA:42,1
DA:43,1
DA:44,1
DA:45,2
DA:47,1
DA:51,1
DA:52,1
DA:53,3
DA:54,1
DA:55,1
DA:56,5
DA:57,3
DA:58,3
DA:59,4
DA:62,1
DA:63,0
DA:77,1
DA:85,1
DA:86,1
DA:87,2
DA:88,1
DA:93,1
DA:94,2
DA:98,1
DA:99,1
DA:100,1
DA:101,1
DA:102,1
DA:103,2
DA:105,1
DA:109,1
DA:110,1
DA:111,3
DA:112,3
DA:113,3
DA:114,1
DA:115,3
DA:118,1
DA:119,2
LF:52
LH:50
end_of_record
SF:lib/features/club/models/performance_data.dart
DA:11,1
DA:22,1
DA:23,1
DA:24,2
DA:25,1
DA:33,1
DA:34,2
DA:38,1
DA:39,2
DA:40,2
DA:41,2
DA:42,1
DA:43,1
DA:44,2
DA:45,1
DA:46,2
DA:48,1
DA:52,1
DA:53,1
DA:54,3
DA:55,3
DA:56,3
DA:57,3
DA:58,3
DA:59,3
DA:60,4
DA:63,1
DA:64,2
LF:28
LH:28
end_of_record
SF:lib/features/club/models/update_client_app_model.dart
DA:11,1
DA:22,1
DA:23,1
DA:24,1
DA:25,1
DA:26,1
DA:28,4
DA:29,1
DA:30,1
DA:31,1
DA:32,1
DA:36,1
DA:37,1
DA:38,1
DA:39,1
DA:40,1
DA:41,1
DA:42,1
DA:43,1
DA:44,1
DA:45,1
LF:21
LH:21
end_of_record
SF:lib/core/utils/animations/app_animations.dart
DA:6,0
DA:54,1
DA:55,1
DA:56,1
LF:4
LH:3
end_of_record
SF:lib/core/services/xauat_login.dart
DA:14,1
DA:21,1
DA:22,1
DA:23,1
DA:24,1
DA:25,1
DA:26,1
DA:44,1
DA:45,2
DA:46,3
DA:47,3
DA:51,1
DA:52,1
DA:53,1
DA:55,4
DA:56,1
DA:60,1
DA:62,1
DA:63,2
DA:66,2
DA:68,2
DA:69,1
DA:71,1
DA:73,0
DA:79,1
DA:80,3
DA:85,2
DA:87,0
DA:93,1
DA:94,2
DA:98,1
DA:99,1
DA:100,1
DA:103,2
DA:104,3
DA:105,2
DA:106,5
DA:115,1
DA:116,1
DA:117,5
DA:118,1
DA:122,1
DA:124,1
DA:126,3
DA:127,2
DA:130,2
DA:131,1
DA:132,1
DA:133,3
DA:138,4
DA:141,2
DA:143,1
DA:146,1
DA:148,3
DA:152,1
DA:154,3
DA:158,1
DA:159,3
DA:162,1
DA:163,3
DA:166,1
DA:167,1
DA:168,1
DA:172,2
DA:177,1
DA:180,1
DA:183,1
DA:186,1
DA:189,1
DA:190,1
DA:191,1
DA:192,1
DA:193,1
DA:194,1
DA:198,1
DA:200,3
DA:201,2
DA:205,2
DA:206,1
DA:208,1
DA:209,1
DA:210,2
DA:214,0
DA:215,0
DA:221,4
DA:222,1
DA:225,3
DA:226,1
DA:230,2
DA:232,1
DA:233,2
DA:234,1
DA:235,1
DA:236,3
DA:240,3
DA:241,1
DA:242,1
DA:243,1
DA:247,1
DA:249,1
DA:253,4
DA:254,1
DA:260,2
DA:261,1
DA:264,1
DA:266,2
DA:269,0
DA:276,1
DA:278,1
DA:284,1
DA:286,3
DA:287,2
DA:290,2
DA:291,1
DA:292,1
DA:293,1
DA:295,0
DA:296,0
DA:301,2
DA:302,1
DA:304,2
DA:309,3
DA:310,1
DA:311,1
DA:314,1
DA:315,1
DA:317,1
DA:324,0
DA:326,0
DA:332,1
DA:333,2
DA:337,2
DA:338,1
DA:339,1
DA:343,0
DA:344,0
DA:347,0
DA:349,0
DA:350,0
DA:351,0
DA:352,0
DA:354,0
DA:361,0
LF:143
LH:125
end_of_record
SF:lib/core/services/data_service.dart
DA:17,0
DA:21,0
DA:27,1
DA:30,1
DA:33,2
DA:35,1
DA:36,1
DA:38,2
DA:40,1
DA:41,1
DA:44,1
DA:45,1
DA:48,1
DA:51,1
DA:54,1
DA:55,1
DA:58,0
DA:59,0
DA:61,1
DA:64,1
DA:67,1
DA:68,1
DA:71,1
DA:74,1
DA:77,1
DA:78,1
DA:81,0
DA:84,0
DA:87,2
DA:89,2
LF:30
LH:24
end_of_record
SF:lib/features/education/services/course_service.dart
DA:19,2
DA:23,2
DA:28,2
DA:29,2
DA:30,2
DA:36,0
DA:40,0
DA:41,0
DA:42,0
DA:49,1
DA:52,1
DA:53,1
DA:56,1
DA:57,1
DA:58,1
DA:59,1
DA:60,2
DA:61,5
DA:62,2
DA:68,3
DA:69,3
DA:70,9
DA:73,2
DA:74,2
DA:75,2
DA:76,2
DA:78,2
DA:79,2
DA:80,3
DA:81,1
DA:87,2
DA:91,2
DA:97,2
DA:101,2
DA:102,2
DA:104,2
DA:108,2
DA:109,2
DA:112,2
DA:113,2
DA:114,4
DA:117,0
DA:120,0
DA:123,1
DA:124,1
DA:125,1
DA:126,0
DA:127,0
DA:128,0
DA:131,0
DA:132,0
DA:137,4
DA:138,1
DA:141,1
DA:144,1
DA:145,1
DA:146,1
DA:147,1
DA:148,0
DA:151,2
DA:152,1
DA:154,2
DA:155,2
DA:156,3
DA:157,1
DA:159,1
DA:163,1
DA:165,1
DA:166,1
DA:168,2
DA:169,2
DA:170,2
DA:171,1
DA:172,1
DA:175,1
DA:179,0
DA:180,0
DA:181,0
DA:182,0
DA:183,0
DA:184,0
DA:185,0
DA:186,0
DA:187,0
DA:189,0
DA:190,0
DA:192,0
DA:196,1
DA:198,1
DA:199,1
DA:200,1
DA:202,1
DA:203,0
DA:204,0
DA:205,0
DA:209,2
DA:210,1
DA:212,2
DA:213,2
DA:214,3
DA:215,1
DA:217,1
DA:218,0
DA:219,0
DA:220,0
DA:221,0
DA:222,0
DA:223,0
DA:224,0
DA:225,0
DA:227,0
DA:228,1
DA:230,1
DA:232,1
DA:234,1
DA:235,1
DA:237,2
DA:238,2
DA:239,2
DA:240,1
DA:241,1
DA:243,1
DA:246,1
DA:247,1
DA:248,1
DA:249,1
DA:251,1
DA:252,2
DA:253,3
DA:254,1
DA:256,3
DA:257,1
DA:258,0
DA:259,1
DA:260,1
DA:262,1
DA:263,0
DA:264,0
DA:265,0
DA:266,0
DA:267,0
DA:268,0
DA:269,0
DA:270,0
DA:273,0
DA:276,0
DA:280,0
DA:281,0
DA:282,0
DA:283,0
DA:284,0
DA:285,0
DA:286,0
DA:289,0
DA:290,0
DA:292,0
DA:297,5
DA:303,0
DA:304,0
DA:307,2
DA:310,2
DA:311,2
DA:312,2
DA:313,2
DA:315,4
DA:316,2
DA:319,2
DA:320,4
DA:323,2
DA:326,2
DA:327,2
DA:330,1
DA:331,2
DA:332,1
DA:333,1
DA:334,1
DA:338,2
DA:345,0
DA:350,0
DA:351,0
DA:354,0
DA:360,0
DA:361,0
DA:364,0
LF:184
LH:118
end_of_record
SF:lib/features/education/services/info_service.dart
DA:13,2
DA:14,0
DA:20,2
DA:21,2
DA:22,2
DA:24,6
DA:27,0
DA:31,1
DA:32,1
DA:33,1
DA:34,1
DA:35,2
DA:39,6
DA:40,1
DA:43,0
DA:44,0
DA:46,0
DA:49,0
DA:50,0
DA:53,1
DA:54,1
DA:56,1
DA:57,2
DA:58,2
DA:61,0
LF:25
LH:17
end_of_record
SF:lib/features/education/services/score_service.dart
DA:16,1
DA:18,1
DA:21,1
DA:22,1
DA:24,2
DA:27,0
DA:31,2
DA:32,2
DA:35,2
DA:39,0
DA:41,0
DA:45,2
DA:46,2
DA:49,2
DA:50,2
DA:52,4
DA:54,2
DA:56,0
DA:59,0
DA:62,1
DA:63,1
DA:66,1
DA:69,1
DA:72,1
DA:75,2
DA:78,2
DA:79,2
DA:82,2
DA:83,2
DA:84,2
DA:85,2
DA:90,0
DA:91,0
DA:92,0
DA:93,0
DA:97,1
DA:100,1
DA:103,1
DA:106,1
DA:109,1
DA:112,1
DA:113,1
DA:114,1
DA:120,0
DA:121,0
DA:122,0
DA:123,0
DA:127,2
DA:131,2
DA:132,2
DA:133,2
DA:134,5
DA:137,1
DA:139,1
DA:142,1
DA:146,1
DA:147,0
DA:149,1
DA:150,0
DA:153,1
DA:156,2
DA:158,1
DA:159,1
DA:160,1
DA:163,3
DA:169,0
DA:170,0
DA:177,3
DA:179,1
DA:185,2
DA:186,2
DA:187,2
DA:188,2
DA:189,0
DA:193,2
DA:194,2
DA:195,2
DA:196,1
DA:200,2
DA:201,2
DA:202,6
DA:203,2
DA:205,1
DA:206,1
DA:210,3
DA:211,9
DA:215,0
DA:219,0
DA:220,0
DA:221,0
DA:226,0
DA:227,0
DA:228,0
DA:230,0
DA:235,0
DA:239,0
DA:240,0
DA:246,0
DA:247,0
DA:250,0
LF:100
LH:68
end_of_record
SF:lib/features/education/services/auth_service.dart
DA:12,2
DA:13,2
DA:14,2
DA:16,2
DA:17,2
DA:19,1
DA:20,1
DA:21,1
DA:24,1
DA:25,1
DA:26,1
DA:29,2
DA:30,2
DA:31,2
DA:33,1
DA:34,1
DA:35,1
DA:38,1
DA:39,1
DA:40,1
DA:43,1
DA:44,1
DA:45,1
DA:48,2
DA:49,1
DA:50,1
DA:51,1
DA:55,2
DA:56,4
DA:60,2
DA:61,2
DA:62,4
DA:63,4
DA:64,2
DA:66,4
DA:74,2
DA:76,2
DA:77,2
DA:79,2
DA:82,2
DA:84,2
DA:89,2
DA:93,1
DA:94,2
DA:95,2
DA:96,1
DA:98,2
DA:103,0
DA:109,2
DA:110,2
DA:111,2
DA:115,2
DA:120,0
DA:121,0
DA:129,2
DA:131,4
DA:132,2
DA:133,2
DA:134,8
DA:138,2
DA:140,4
DA:143,1
LF:62
LH:59
end_of_record
SF:lib/features/education/services/course_api.dart
DA:8,3
DA:13,6
DA:15,3
DA:18,2
DA:19,0
DA:21,2
DA:23,1
DA:28,1
DA:29,1
DA:30,0
LF:10
LH:8
end_of_record
SF:lib/features/education/services/score_api.dart
DA:10,3
DA:15,6
DA:17,3
DA:20,2
DA:21,0
DA:23,2
DA:25,1
DA:31,2
DA:37,4
DA:39,2
DA:45,1
DA:46,0
DA:49,3
DA:50,1
DA:52,1
DA:58,2
DA:61,4
DA:65,1
DA:66,0
DA:68,1
DA:70,1
DA:75,1
DA:76,1
DA:77,0
LF:24
LH:20
end_of_record
SF:lib/features/education/services/edu_service.dart
DA:23,2
DA:25,2
DA:27,2
DA:29,1
DA:30,1
DA:33,2
DA:35,2
DA:37,2
DA:39,1
DA:40,1
DA:43,1
DA:44,1
DA:47,0
DA:51,0
DA:57,1
DA:61,1
DA:64,0
DA:68,0
DA:74,1
DA:75,1
DA:78,1
DA:81,1
DA:84,0
DA:88,0
DA:94,0
DA:95,0
DA:98,2
DA:100,0
DA:103,0
DA:106,0
DA:107,0
DA:110,1
DA:111,1
DA:114,2
DA:116,1
DA:117,1
LF:36
LH:24
end_of_record
SF:lib/features/education/models/exam_result.dart
DA:18,0
DA:26,0
DA:27,0
DA:34,0
DA:35,0
DA:37,0
DA:42,0
DA:43,0
DA:45,0
DA:52,0
DA:53,0
DA:55,0
DA:62,0
DA:65,0
DA:68,0
LF:15
LH:0
end_of_record
SF:lib/features/education/services/education_refresh_service.dart
DA:14,2
DA:15,2
DA:16,2
DA:20,2
DA:23,1
DA:25,1
DA:29,1
DA:31,0
DA:36,2
DA:38,2
DA:43,4
DA:44,2
DA:45,2
DA:46,2
DA:47,2
DA:50,2
DA:52,6
DA:53,2
DA:56,0
LF:19
LH:17
end_of_record
SF:lib/features/education/services/exam_service.dart
DA:17,2
DA:18,0
DA:24,4
DA:25,2
DA:26,6
DA:28,0
DA:32,0
DA:33,0
DA:34,0
DA:36,0
DA:37,0
DA:38,0
DA:39,0
DA:40,0
DA:44,0
DA:46,0
DA:49,0
DA:51,0
DA:52,0
DA:53,0
DA:59,0
DA:64,0
DA:65,0
DA:68,0
DA:69,0
DA:70,0
DA:77,0
DA:79,0
DA:84,0
DA:89,0
DA:90,0
DA:91,0
DA:92,0
DA:93,0
DA:94,0
DA:95,0
DA:96,0
DA:97,0
DA:98,0
DA:99,0
DA:101,0
DA:102,0
DA:106,0
DA:111,0
DA:112,0
DA:113,0
DA:114,0
DA:116,0
DA:117,0
DA:121,0
DA:122,0
DA:123,0
DA:127,0
DA:128,0
DA:132,0
DA:133,0
DA:137,0
DA:141,0
DA:142,0
DA:144,0
DA:145,0
DA:146,0
DA:149,0
DA:152,0
DA:156,0
DA:161,0
DA:166,0
DA:167,0
DA:168,0
DA:169,0
DA:170,0
DA:172,0
DA:173,0
DA:175,0
DA:176,0
DA:179,0
DA:181,0
DA:182,0
DA:186,0
DA:188,0
DA:190,0
DA:195,0
DA:197,0
DA:198,0
DA:203,0
DA:204,0
DA:205,0
DA:206,0
DA:207,0
DA:208,0
LF:90
LH:4
end_of_record
SF:lib/features/education/services/program_service.dart
DA:9,1
DA:10,1
DA:12,1
DA:16,2
DA:18,3
DA:22,0
DA:25,0
DA:28,1
DA:29,1
DA:31,1
DA:35,2
DA:37,3
DA:39,1
DA:40,1
DA:41,4
DA:43,1
DA:45,0
DA:48,0
LF:18
LH:14
end_of_record
SF:lib/features/education/services/exam_api.dart
DA:8,3
DA:10,6
DA:12,3
DA:14,2
DA:15,0
DA:17,2
DA:19,1
DA:24,1
DA:25,1
DA:26,0
LF:10
LH:8
end_of_record
SF:lib/features/education/services/program_api.dart
DA:8,2
DA:11,4
DA:13,2
DA:18,1
DA:19,0
DA:22,3
DA:23,1
DA:25,1
DA:31,2
DA:34,4
DA:36,2
DA:38,1
DA:39,0
DA:41,2
DA:43,3
DA:44,1
DA:45,1
DA:48,1
DA:53,1
DA:54,1
DA:55,0
LF:21
LH:18
end_of_record
SF:lib/features/education/services/app_api.dart
DA:8,1
DA:10,2
DA:12,1
DA:14,0
DA:16,1
DA:21,1
DA:22,1
DA:23,0
LF:8
LH:6
end_of_record
SF:lib/features/education/services/login_api.dart
DA:10,1
DA:12,2
DA:14,1
DA:20,0
DA:21,0
DA:22,0
DA:25,0
DA:27,0
DA:29,1
DA:34,1
DA:35,1
DA:36,0
LF:12
LH:6
end_of_record
SF:lib/core/utils/animations/animated_card.dart
DA:20,2
DA:28,2
DA:30,2
DA:31,2
DA:32,2
DA:34,2
DA:35,2
DA:36,2
DA:38,2
DA:39,2
DA:40,6
DA:41,2
DA:42,4
DA:43,2
DA:50,2
DA:72,1
DA:80,1
DA:81,1
DA:89,1
DA:91,1
DA:92,2
DA:96,2
DA:99,1
DA:100,2
DA:104,1
DA:106,2
DA:107,1
DA:110,1
DA:111,2
DA:114,1
DA:115,2
DA:118,1
DA:119,2
DA:122,1
DA:124,1
DA:125,3
DA:126,3
DA:127,3
DA:128,2
DA:129,2
DA:130,1
DA:131,1
DA:132,1
DA:133,1
DA:134,2
DA:138,2
DA:152,1
DA:159,1
DA:160,1
DA:169,1
DA:171,1
DA:172,2
DA:176,2
DA:179,1
DA:180,2
DA:182,2
DA:184,1
DA:185,1
DA:186,2
DA:190,1
DA:192,2
DA:193,1
DA:196,1
DA:198,1
DA:199,2
DA:200,2
DA:201,1
DA:202,2
DA:203,1
DA:204,1
DA:205,1
DA:206,1
DA:207,3
DA:208,1
DA:209,2
DA:214,2
DA:241,1
DA:251,1
DA:253,1
DA:254,1
DA:255,1
DA:256,1
DA:257,1
DA:258,1
DA:259,1
DA:260,1
LF:86
LH:86
end_of_record
SF:lib/ui/components/empty_widget.dart
DA:6,3
DA:16,4
DA:18,16
DA:20,4
DA:22,4
DA:24,4
DA:25,4
DA:26,4
DA:28,4
DA:29,4
DA:32,4
DA:33,4
DA:39,4
DA:40,4
DA:47,8
DA:48,4
DA:49,4
DA:50,4
DA:52,4
DA:53,4
DA:54,4
DA:55,4
LF:22
LH:22
end_of_record
SF:lib/core/models/course_color_manager.dart
DA:4,4
DA:5,4
DA:6,8
DA:9,4
DA:10,4
LF:5
LH:5
end_of_record
SF:lib/ui/components/club_card.dart
DA:4,4
DA:10,5
DA:12,5
DA:13,10
DA:15,5
DA:16,5
DA:17,5
DA:18,5
DA:19,10
DA:20,5
DA:22,0
DA:23,5
DA:24,5
DA:25,5
DA:29,5
DA:30,5
DA:36,5
LF:17
LH:16
end_of_record
SF:lib/ui/components/show_club_snack_bar.dart
DA:3,2
DA:4,4
DA:5,2
DA:9,2
DA:10,2
LF:5
LH:5
end_of_record
SF:lib/ui/components/tiles/editable_tile_wrapper.dart
DA:11,2
DA:18,2
DA:19,2
DA:27,2
DA:29,2
DA:31,4
DA:36,6
DA:37,4
DA:38,6
DA:39,6
DA:40,4
DA:43,2
DA:45,4
DA:46,2
DA:49,2
DA:51,4
DA:53,4
DA:54,4
DA:57,4
DA:59,12
DA:60,6
DA:61,4
DA:66,2
DA:67,2
DA:70,2
DA:71,2
DA:72,2
DA:73,2
DA:74,4
DA:75,2
DA:77,2
DA:78,2
DA:80,2
DA:82,2
DA:84,2
DA:85,2
DA:86,4
DA:91,2
DA:92,2
DA:93,4
DA:94,2
DA:102,2
DA:105,2
DA:118,2
DA:119,2
DA:120,1
DA:122,3
DA:127,2
DA:129,2
DA:130,4
LF:50
LH:50
end_of_record
SF:lib/ui/pages/homePages/tiles_widget.dart
DA:15,1
DA:17,1
DA:18,1
DA:23,1
DA:26,1
DA:28,1
DA:30,2
DA:33,1
DA:35,2
DA:38,2
DA:39,2
DA:40,1
DA:42,1
DA:45,1
DA:47,1
DA:50,1
DA:51,0
DA:52,2
DA:53,2
DA:55,1
DA:60,1
DA:62,1
DA:63,2
DA:65,2
DA:66,1
DA:67,2
DA:69,1
DA:70,1
DA:75,1
DA:78,1
DA:79,1
DA:81,1
DA:83,1
DA:90,1
DA:92,1
DA:94,1
DA:101,1
DA:104,0
DA:106,0
DA:107,0
DA:112,0
DA:113,0
DA:114,0
DA:115,0
DA:122,1
DA:123,1
DA:124,1
DA:125,2
DA:126,1
DA:128,2
DA:136,1
DA:137,1
DA:139,1
DA:146,1
DA:149,1
DA:150,1
DA:151,1
DA:152,2
DA:153,2
DA:154,2
DA:162,1
DA:165,1
DA:169,1
DA:173,1
DA:177,0
LF:65
LH:56
end_of_record
SF:lib/ui/components/tiles/tile_edit_controls.dart
DA:9,2
DA:11,2
DA:13,4
DA:15,4
DA:16,4
DA:18,2
DA:20,2
DA:22,2
DA:34,2
DA:37,2
DA:38,2
DA:47,2
DA:48,2
DA:50,2
DA:53,2
DA:61,2
DA:62,2
DA:64,2
DA:67,2
DA:81,1
DA:86,1
DA:88,2
DA:90,2
DA:91,2
DA:93,1
DA:95,1
DA:97,1
DA:98,1
DA:102,1
DA:104,1
DA:112,2
DA:114,2
DA:116,2
DA:118,2
DA:126,2
DA:128,2
DA:130,4
DA:132,4
DA:133,2
DA:134,8
DA:136,2
DA:140,2
DA:142,2
DA:144,2
DA:156,2
DA:158,2
DA:159,8
DA:160,2
DA:161,4
DA:162,6
DA:164,2
DA:165,2
DA:166,2
DA:167,2
DA:179,2
DA:186,2
DA:191,0
DA:198,2
LF:58
LH:57
end_of_record
SF:lib/ui/components/tiles/bus_tile.dart
DA:8,2
DA:10,1
DA:12,2
DA:14,1
DA:15,1
DA:17,1
DA:18,0
DA:19,1
DA:20,1
DA:22,2
DA:23,2
DA:29,2
DA:32,1
DA:34,1
DA:35,1
DA:37,1
DA:38,1
DA:40,1
DA:41,1
DA:44,1
DA:51,1
DA:52,0
DA:55,0
DA:56,0
DA:57,0
DA:59,0
DA:60,0
DA:61,0
DA:71,1
DA:73,1
DA:76,4
DA:77,0
DA:81,1
DA:82,1
DA:83,1
DA:86,1
DA:87,1
DA:88,0
LF:38
LH:28
end_of_record
SF:lib/ui/components/tiles/electricity_tile.dart
DA:8,3
DA:10,2
DA:12,4
DA:14,2
DA:15,2
DA:17,2
DA:18,0
DA:19,2
DA:20,2
DA:22,4
DA:24,4
DA:31,4
DA:32,2
DA:33,1
DA:38,1
DA:40,1
DA:41,1
DA:43,1
DA:44,1
DA:46,1
DA:47,1
DA:50,1
DA:52,1
DA:61,1
DA:64,1
DA:66,1
DA:67,1
DA:81,1
DA:83,1
DA:86,4
DA:87,0
DA:91,1
DA:92,2
DA:93,1
DA:96,1
DA:99,3
DA:109,2
DA:111,2
DA:112,2
DA:114,2
DA:115,2
DA:125,2
DA:127,2
DA:130,8
DA:131,0
LF:45
LH:42
end_of_record
SF:lib/ui/components/tiles/payment_tile.dart
DA:8,3
DA:10,2
DA:12,4
DA:14,2
DA:15,2
DA:17,2
DA:18,2
DA:19,0
DA:20,2
DA:22,4
DA:24,4
DA:31,4
DA:32,6
DA:33,2
DA:34,1
DA:39,1
DA:41,1
DA:42,1
DA:44,1
DA:45,1
DA:47,1
DA:48,1
DA:51,1
DA:53,1
DA:62,1
DA:65,1
DA:67,1
DA:68,1
DA:82,1
DA:84,1
DA:87,4
DA:88,0
DA:92,1
DA:93,2
DA:94,1
DA:97,1
DA:100,3
DA:110,2
DA:112,2
DA:113,2
DA:115,2
DA:116,2
DA:126,2
DA:128,2
DA:131,8
DA:132,0
DA:136,2
DA:137,6
DA:138,2
DA:140,2
DA:143,2
DA:144,6
LF:52
LH:49
end_of_record
